

Making [35mdata[0m module with shell: /bin/zsh
No virtual environment exists here: ../venv
Creating virtual environment: ../venv
Activating virtual environment: ../venv
Installing venv dependencies from setup/requirements.txt ...
Collecting numpy>=1.18
  Using cached numpy-1.24.4-cp38-cp38-macosx_10_9_x86_64.whl (19.8 MB)
Collecting pandas>=1.3.4
  Using cached pandas-2.0.3-cp38-cp38-macosx_10_9_x86_64.whl (11.7 MB)
Collecting matplotlib>=3.4.3
  Using cached matplotlib-3.7.3-cp38-cp38-macosx_10_12_x86_64.whl (7.4 MB)
Collecting linearmodels
  Using cached linearmodels-4.31-cp38-cp38-macosx_10_9_x86_64.whl (1.8 MB)
Collecting python-dateutil>=2.8.2
  Using cached python_dateutil-2.8.2-py2.py3-none-any.whl (247 kB)
Collecting pytz>=2020.1
  Using cached pytz-2023.3.post1-py2.py3-none-any.whl (502 kB)
Collecting tzdata>=2022.1
  Using cached tzdata-2023.3-py2.py3-none-any.whl (341 kB)
Collecting importlib-resources>=3.2.0; python_version < "3.10"
  Using cached importlib_resources-6.1.1-py3-none-any.whl (33 kB)
Collecting contourpy>=1.0.1
  Using cached contourpy-1.1.1-cp38-cp38-macosx_10_9_x86_64.whl (247 kB)
Collecting pyparsing>=2.3.1
  Using cached pyparsing-3.1.1-py3-none-any.whl (103 kB)
Collecting pillow>=6.2.0
  Using cached Pillow-10.1.0-cp38-cp38-macosx_10_10_x86_64.whl (3.5 MB)
Collecting cycler>=0.10
  Using cached cycler-0.12.1-py3-none-any.whl (8.3 kB)
Collecting packaging>=20.0
  Using cached packaging-23.2-py3-none-any.whl (53 kB)
Collecting fonttools>=4.22.0
  Using cached fonttools-4.44.1-cp38-cp38-macosx_10_9_x86_64.whl (2.2 MB)
Collecting kiwisolver>=1.0.1
  Using cached kiwisolver-1.4.5-cp38-cp38-macosx_10_9_x86_64.whl (68 kB)
Collecting setuptools-scm[toml]>=7.0.0
  Using cached setuptools_scm-8.0.4-py3-none-any.whl (42 kB)
Collecting scipy>=1.2
  Using cached scipy-1.10.1-cp38-cp38-macosx_10_9_x86_64.whl (35.0 MB)
Collecting property-cached>=1.6.3
  Using cached property_cached-1.6.4-py2.py3-none-any.whl (7.8 kB)
Collecting formulaic>=0.3.2
  Using cached formulaic-0.6.6-py3-none-any.whl (91 kB)
Collecting pyhdfe>=0.1
  Using cached pyhdfe-0.2.0-py3-none-any.whl (19 kB)
Collecting mypy-extensions>=0.4
  Using cached mypy_extensions-1.0.0-py3-none-any.whl (4.7 kB)
Collecting statsmodels>=0.11
  Using cached statsmodels-0.14.0-cp38-cp38-macosx_10_9_x86_64.whl (9.8 MB)
Collecting Cython>=0.29.21
  Using cached Cython-3.0.5-cp38-cp38-macosx_10_9_x86_64.whl (3.1 MB)
Collecting six>=1.5
  Using cached six-1.16.0-py2.py3-none-any.whl (11 kB)
Collecting zipp>=3.1.0; python_version < "3.10"
  Using cached zipp-3.17.0-py3-none-any.whl (7.4 kB)
Requirement already satisfied: setuptools in /Users/arjunsrinivasan/Documents/gh/TunaTemplate/venv/lib/python3.8/site-packages (from setuptools-scm[toml]>=7.0.0->linearmodels->-r ../setup/requirements.txt (line 4)) (49.2.1)
Collecting tomli>=1; python_version < "3.11"
  Using cached tomli-2.0.1-py3-none-any.whl (12 kB)
Collecting typing-extensions
  Using cached typing_extensions-4.8.0-py3-none-any.whl (31 kB)
Collecting graphlib-backport>=1.0.0; python_version < "3.9"
  Using cached graphlib_backport-1.0.3-py3-none-any.whl (5.1 kB)
Collecting interface-meta>=1.2.0
  Using cached interface_meta-1.3.0-py3-none-any.whl (14 kB)
Collecting astor>=0.8
  Using cached astor-0.8.1-py2.py3-none-any.whl (27 kB)
Collecting wrapt>=1.0
  Using cached wrapt-1.16.0-cp38-cp38-macosx_10_9_x86_64.whl (37 kB)
Collecting patsy>=0.5.2
  Using cached patsy-0.5.3-py2.py3-none-any.whl (233 kB)
Installing collected packages: numpy, six, python-dateutil, pytz, tzdata, pandas, zipp, importlib-resources, contourpy, pyparsing, pillow, cycler, packaging, fonttools, kiwisolver, matplotlib, tomli, typing-extensions, setuptools-scm, scipy, property-cached, graphlib-backport, interface-meta, astor, wrapt, formulaic, pyhdfe, mypy-extensions, patsy, statsmodels, Cython, linearmodels
Successfully installed Cython-3.0.5 astor-0.8.1 contourpy-1.1.1 cycler-0.12.1 fonttools-4.44.1 formulaic-0.6.6 graphlib-backport-1.0.3 importlib-resources-6.1.1 interface-meta-1.3.0 kiwisolver-1.4.5 linearmodels-4.31 matplotlib-3.7.3 mypy-extensions-1.0.0 numpy-1.24.4 packaging-23.2 pandas-2.0.3 patsy-0.5.3 pillow-10.1.0 property-cached-1.6.4 pyhdfe-0.2.0 pyparsing-3.1.1 python-dateutil-2.8.2 pytz-2023.3.post1 scipy-1.10.1 setuptools-scm-8.0.4 six-1.16.0 statsmodels-0.14.0 tomli-2.0.1 typing-extensions-4.8.0 tzdata-2023.3 wrapt-1.16.0 zipp-3.17.0
WARNING: You are using pip version 20.2.3; however, version 23.3.1 is available.
You should consider upgrading via the '/Users/arjunsrinivasan/Documents/gh/TunaTemplate/venv/bin/python -m pip install --upgrade pip' command.

Running: merge_data.py
Executing: python code/merge_data.py >> "output/build.log"

Running: clean_data.py
Executing: python code/clean_data.py >> "output/build.log"


Making [35manalysis[0m module with shell: /bin/zsh
Virutal environment exists here: ../venv
Activating virtual environment: ../venv

Running: analyze_data.py
Executing: python code/analyze_data.py >> "output/build.log"


Making [35mpaper_slides[0m module with shell: /bin/zsh
Virutal environment exists here: ../venv
Activating virtual environment: ../venv

Running: paper.tex
Executing: pdflatex paper.tex >> "output/build.log"
Executing: bibtex paper.aux >> "output/build.log"
Error: bibtex failed. See output/build.log for details.
Sleeping 1 second...
Executing: pdflatex paper.tex >> "output/build.log"
Executing: pdflatex paper.tex >> "output/build.log"
